England/Championship (GB2) ‚Ä¶
  removed=0 added=0
England/Premier League (GB1) ‚Ä¶
  removed=0 added=0
France/Ligue 1 (FR1) ‚Ä¶
  removed=0 added=0
France/Ligue 2 (FR2) ‚Ä¶
  removed=0 added=1
Germany/2. Bundesliga (L2) ‚Ä¶
  removed=0 added=1
Germany/Bundesliga (L1) ‚Ä¶
  removed=0 added=0
Italy/Serie A (IT1) ‚Ä¶
  removed=0 added=0
Italy/Serie B (IT2) ‚Ä¶
   removed=20 added=2
Spain/LaLiga (ES1) ‚Ä¶
  removed=0 added=0
Spain/LaLiga2 (ES2) ‚Ä    removed=0 added=1
Done. Total removed=43 added=6
